  Skeleton.cpp
c:\users\dani\desktop\grafika 1. házi\programs\skeleton\skeleton\skeleton.cpp(285): warning C4244: 'argument': conversion from 'double' to 'float', possible loss of data
c:\users\dani\desktop\grafika 1. házi\programs\skeleton\skeleton\skeleton.cpp(286): warning C4244: 'argument': conversion from 'double' to 'float', possible loss of data
c:\users\dani\desktop\grafika 1. házi\programs\skeleton\skeleton\skeleton.cpp(299): warning C4305: 'argument': truncation from 'double' to '_Ty'
          with
          [
              _Ty=float
          ]
c:\users\dani\desktop\grafika 1. házi\programs\skeleton\skeleton\skeleton.cpp(301): warning C4305: 'argument': truncation from 'double' to '_Ty'
          with
          [
              _Ty=float
          ]
c:\users\dani\desktop\grafika 1. házi\programs\skeleton\skeleton\skeleton.cpp(302): warning C4305: 'argument': truncation from 'double' to '_Ty'
          with
          [
              _Ty=float
          ]
c:\users\dani\desktop\grafika 1. házi\programs\skeleton\skeleton\skeleton.cpp(304): warning C4305: 'argument': truncation from 'double' to '_Ty'
          with
          [
              _Ty=float
          ]
c:\users\dani\desktop\grafika 1. házi\programs\skeleton\skeleton\skeleton.cpp(305): warning C4305: 'argument': truncation from 'double' to '_Ty'
          with
          [
              _Ty=float
          ]
c:\users\dani\desktop\grafika 1. házi\programs\skeleton\skeleton\skeleton.cpp(309): warning C4305: 'argument': truncation from 'double' to '_Ty'
          with
          [
              _Ty=float
          ]
c:\users\dani\desktop\grafika 1. házi\programs\skeleton\skeleton\skeleton.cpp(332): warning C4244: 'argument': conversion from 'double' to 'float', possible loss of data
c:\users\dani\desktop\grafika 1. házi\programs\skeleton\skeleton\skeleton.cpp(333): warning C4244: 'argument': conversion from 'double' to 'float', possible loss of data
c:\users\dani\desktop\grafika 1. házi\programs\skeleton\skeleton\skeleton.cpp(443): warning C4305: 'argument': truncation from 'double' to 'float'
c:\users\dani\desktop\grafika 1. házi\programs\skeleton\skeleton\skeleton.cpp(444): warning C4305: 'argument': truncation from 'double' to 'float'
c:\users\dani\desktop\grafika 1. házi\programs\skeleton\skeleton\skeleton.cpp(455): warning C4305: 'argument': truncation from 'double' to 'GLclampf'
c:\users\dani\desktop\grafika 1. házi\programs\skeleton\skeleton\skeleton.cpp(501): warning C4305: 'initializing': truncation from 'double' to 'float'
  Generating code
  1 of 215 functions ( 0.5%) were compiled, the rest were copied from previous compilation.
    0 functions were new in current compilation
    1 functions had inline decision re-evaluated but remain unchanged
  Finished generating code
  Skeleton.vcxproj -> C:\Users\Dani\Desktop\Grafika 1. házi\Programs\Skeleton\bin\Skeleton.exe
